#
# There is insufficient memory for the Java Runtime Environment to continue.
# Native memory allocation (malloc) failed to allocate 1048576 bytes for AllocateHeap
# Possible reasons:
#   The system is out of physical RAM or swap space
#   In 32 bit mode, the process size limit was hit
# Possible solutions:
#   Reduce memory load on the system
#   Increase physical memory or swap space
#   Check if swap backing store is full
#   Use 64 bit Java on a 64 bit OS
#   Decrease Java heap size (-Xmx/-Xms)
#   Decrease number of Java threads
#   Decrease Java thread stack sizes (-Xss)
#   Set larger code cache with -XX:ReservedCodeCacheSize=
# This output file may be truncated or incomplete.
#
#  Out of Memory Error (memory/allocation.inline.hpp:61), pid=41676, tid=0x000000000000b2f0
#
# JRE version:  (8.0_181-b13) (build )
# Java VM: Java HotSpot(TM) 64-Bit Server VM (25.181-b13 mixed mode windows-amd64 compressed oops)
# Failed to write core dump. Minidumps are not enabled by default on client versions of Windows
#

---------------  T H R E A D  ---------------

Current thread (0x000000000304e800):  JavaThread "Unknown thread" [_thread_in_vm, id=45808, stack(0x0000000003410000,0x0000000003510000)]

Stack: [0x0000000003410000,0x0000000003510000]
[error occurred during error reporting (printing stack bounds), id 0xc0000005]

Native frames: (J=compiled Java code, j=interpreted, Vv=VM code, C=native code)


---------------  P R O C E S S  ---------------

Java Threads: ( => current thread )

Other Threads:

=>0x000000000304e800 (exited) JavaThread "Unknown thread" [_thread_in_vm, id=45808, stack(0x0000000003410000,0x0000000003510000)]

VM state:not at safepoint (normal execution)

VM Mutex/Monitor currently owned by a thread: None

Heap:
 PSYoungGen      total 76288K, used 1310K [0x000000076b000000, 0x0000000770500000, 0x00000007c0000000)
  eden space 65536K, 2% used [0x000000076b000000,0x000000076b147af0,0x000000076f000000)
  from space 10752K, 0% used [0x000000076fa80000,0x000000076fa80000,0x0000000770500000)
  to   space 10752K, 0% used [0x000000076f000000,0x000000076f000000,0x000000076fa80000)
 ParOldGen       total 175104K, used 0K [0x00000006c1000000, 0x00000006cbb00000, 0x000000076b000000)
  object space 175104K, 0% used [0x00000006c1000000,0x00000006c1000000,0x00000006cbb00000)
 Metaspace       used 761K, capacity 4480K, committed 4480K, reserved 1056768K
  class space    used 76K, capacity 384K, committed 384K, reserved 1048576K

Card table byte_map: [0x0000000012bd0000,0x00000000133d0000] byte_map_base: 0x000000000f5c8000

Marking Bits: (ParMarkBitMap*) 0x0000000056612d00
 Begin Bits: [0x0000000014320000, 0x00000000182e0000)
 End Bits:   [0x00000000182e0000, 0x000000001c2a0000)

Polling page: 0x0000000001950000

CodeCache: size=245760Kb used=328Kb max_used=328Kb free=245431Kb
 bounds [0x0000000003810000, 0x0000000003a80000, 0x0000000012810000]
 total_blobs=58 nmethods=0 adapters=38
 compilation: enabled

Compilation events (0 events):
No events

GC Heap History (0 events):
No events

Deoptimization events (0 events):
No events

Classes redefined (0 events):
No events

Internal exceptions (0 events):
No events

Events (10 events):
Event: 0.023 loading class java/lang/Short
Event: 0.023 loading class java/lang/Short done
Event: 0.023 loading class java/lang/Integer
Event: 0.023 loading class java/lang/Integer done
Event: 0.023 loading class java/lang/Long
Event: 0.023 loading class java/lang/Long done
Event: 0.024 loading class java/lang/NullPointerException
Event: 0.024 loading class java/lang/NullPointerException done
Event: 0.024 loading class java/lang/ArithmeticException
Event: 0.024 loading class java/lang/ArithmeticException done


Dynamic libraries:
0x00007ff7b6e60000 - 0x00007ff7b6e97000 	C:\Program Files\Java\jre1.8.0_181\bin\javaw.exe
0x00007ff9e7720000 - 0x00007ff9e7901000 	C:\WINDOWS\SYSTEM32\ntdll.dll
0x00007ff9e50c0000 - 0x00007ff9e5172000 	C:\WINDOWS\System32\KERNEL32.DLL
0x00007ff9e4640000 - 0x00007ff9e48b3000 	C:\WINDOWS\System32\KERNELBASE.dll
0x00007ff9e4c30000 - 0x00007ff9e4cd1000 	C:\WINDOWS\System32\ADVAPI32.dll
0x00007ff9e6210000 - 0x00007ff9e62ae000 	C:\WINDOWS\System32\msvcrt.dll
0x00007ff9e5390000 - 0x00007ff9e53eb000 	C:\WINDOWS\System32\sechost.dll
0x00007ff9e4f90000 - 0x00007ff9e50b4000 	C:\WINDOWS\System32\RPCRT4.dll
0x00007ff9e53f0000 - 0x00007ff9e5580000 	C:\WINDOWS\System32\USER32.dll
0x00007ff9e4620000 - 0x00007ff9e4640000 	C:\WINDOWS\System32\win32u.dll
0x00007ff9e61e0000 - 0x00007ff9e6208000 	C:\WINDOWS\System32\GDI32.dll
0x00007ff9e4480000 - 0x00007ff9e4612000 	C:\WINDOWS\System32\gdi32full.dll
0x00007ff9e42b0000 - 0x00007ff9e434f000 	C:\WINDOWS\System32\msvcp_win.dll
0x00007ff9e4ab0000 - 0x00007ff9e4baa000 	C:\WINDOWS\System32\ucrtbase.dll
0x00007ff9d2880000 - 0x00007ff9d2ae9000 	C:\WINDOWS\WinSxS\amd64_microsoft.windows.common-controls_6595b64144ccf1df_6.0.17134.165_none_fb429645306569ac\COMCTL32.dll
0x00007ff9e5e00000 - 0x00007ff9e6123000 	C:\WINDOWS\System32\combase.dll
0x00007ff9e4400000 - 0x00007ff9e447a000 	C:\WINDOWS\System32\bcryptPrimitives.dll
0x00007ff9e5c40000 - 0x00007ff9e5c6d000 	C:\WINDOWS\System32\IMM32.DLL
0x0000000055b40000 - 0x0000000055c12000 	C:\Program Files\Java\jre1.8.0_181\bin\msvcr100.dll
0x0000000055df0000 - 0x0000000056692000 	C:\Program Files\Java\jre1.8.0_181\bin\server\jvm.dll
0x00007ff9e5c20000 - 0x00007ff9e5c28000 	C:\WINDOWS\System32\PSAPI.DLL
0x00007ff9e0340000 - 0x00007ff9e0363000 	C:\WINDOWS\SYSTEM32\WINMM.dll
0x00007ff9dfb10000 - 0x00007ff9dfb19000 	C:\WINDOWS\SYSTEM32\WSOCK32.dll
0x00007ff9df9f0000 - 0x00007ff9df9fa000 	C:\WINDOWS\SYSTEM32\VERSION.dll
0x00007ff9e5180000 - 0x00007ff9e51ec000 	C:\WINDOWS\System32\WS2_32.dll
0x00007ff9e0120000 - 0x00007ff9e014a000 	C:\WINDOWS\SYSTEM32\WINMMBASE.dll
0x00007ff9e4260000 - 0x00007ff9e42a9000 	C:\WINDOWS\System32\cfgmgr32.dll
0x0000000055d00000 - 0x0000000055d0f000 	C:\Program Files\Java\jre1.8.0_181\bin\verify.dll
0x0000000055cd0000 - 0x0000000055cf9000 	C:\Program Files\Java\jre1.8.0_181\bin\java.dll
0x0000000055b00000 - 0x0000000055b35000 	C:\Program Files\Java\jre1.8.0_181\bin\jdwp.dll
0x0000000055af0000 - 0x0000000055af8000 	C:\Program Files\Java\jre1.8.0_181\bin\npt.dll
0x0000000055ac0000 - 0x0000000055ae3000 	C:\Program Files\Java\jre1.8.0_181\bin\instrument.dll
0x0000000055cb0000 - 0x0000000055cc6000 	C:\Program Files\Java\jre1.8.0_181\bin\zip.dll

VM Arguments:
jvm_args: -agentlib:jdwp=transport=dt_socket,suspend=y,address=localhost:5835 -javaagent:Z:\Eclipse\eclipse\configuration\org.eclipse.osgi\418\0\.cp\lib\javaagent-shaded.jar -Dfile.encoding=MS949 
java_command: views.Client
java_class_path (initial): C:\Program Files\Java\jre1.8.0_181\lib\resources.jar;C:\Program Files\Java\jre1.8.0_181\lib\rt.jar;C:\Program Files\Java\jre1.8.0_181\lib\jsse.jar;C:\Program Files\Java\jre1.8.0_181\lib\jce.jar;C:\Program Files\Java\jre1.8.0_181\lib\charsets.jar;C:\Program Files\Java\jre1.8.0_181\lib\jfr.jar;C:\Program Files\Java\jre1.8.0_181\lib\ext\access-bridge-64.jar;C:\Program Files\Java\jre1.8.0_181\lib\ext\cldrdata.jar;C:\Program Files\Java\jre1.8.0_181\lib\ext\dnsns.jar;C:\Program Files\Java\jre1.8.0_181\lib\ext\jaccess.jar;C:\Program Files\Java\jre1.8.0_181\lib\ext\jfxrt.jar;C:\Program Files\Java\jre1.8.0_181\lib\ext\localedata.jar;C:\Program Files\Java\jre1.8.0_181\lib\ext\nashorn.jar;C:\Program Files\Java\jre1.8.0_181\lib\ext\sunec.jar;C:\Program Files\Java\jre1.8.0_181\lib\ext\sunjce_provider.jar;C:\Program Files\Java\jre1.8.0_181\lib\ext\sunmscapi.jar;C:\Program Files\Java\jre1.8.0_181\lib\ext\sunpkcs11.jar;C:\Program Files\Java\jre1.8.0_181\lib\ext\zipfs.jar;G:\git_workspace_2018\Pro2\bin;G:\git_workspace_2018\Pro2\mysql-connector-java-5.1.6.jar;G:\git_workspace_2018\Pro2\jcommon-1.0.23.jar;G:\git_workspace_2018\Pro2\jfreechart-1.0.19.jar;Z:\Eclipse\eclipse\configuration\org.eclipse.osgi\418\0\.cp\lib\javaagent-shaded.jar
Launcher Type: SUN_STANDARD

Environment Variables:
JAVA_HOME=C:\Program Files\Java\jdk1.8.0_181
CLASSPATH=C:\Program Files\Java\jdk1.8.0_181\lib;
PATH=C:/Program Files/Java/jre1.8.0_181/bin/server;C:/Program Files/Java/jre1.8.0_181/bin;C:/Program Files/Java/jre1.8.0_181/lib/amd64;C:\Program Files\Java\jdk1.8.0_181\bin;C:\Windows\System32;C:\Users\bear9\AppData\Local\Microsoft\WindowsApps;C:\Program Files\Bandizip\;C:\WINDOWS\system32;
USERNAME=bear9
OS=Windows_NT
PROCESSOR_IDENTIFIER=Intel64 Family 6 Model 158 Stepping 10, GenuineIntel



---------------  S Y S T E M  ---------------

OS: Windows 10.0 , 64 bit Build 17134 (10.0.17134.1)

CPU:total 12 (initial active 12) (6 cores per cpu, 2 threads per core) family 6 model 158 stepping 10, cmov, cx8, fxsr, mmx, sse, sse2, sse3, ssse3, sse4.1, sse4.2, popcnt, avx, avx2, aes, clmul, erms, rtm, 3dnowpref, lzcnt, ht, tsc, tscinvbit, bmi1, bmi2, adx

Memory: 4k page, physical 16704320k(3696760k free), swap 16704320k(5200k free)

vm_info: Java HotSpot(TM) 64-Bit Server VM (25.181-b13) for windows-amd64 JRE (1.8.0_181-b13), built on Jul  7 2018 04:01:33 by "java_re" with MS VC++ 10.0 (VS2010)

time: Sun Aug 19 20:51:26 2018
elapsed time: 0 seconds (0d 0h 0m 0s)

